<?xml version="1.0" encoding="UTF-8"?>
<testsuite name="webTests.seleniumIDE" tests="2" skipped="0" failures="0" errors="0" timestamp="2021-07-08T01:16:09" hostname="edumobi-GLSR0L2" time="99.162">
  <properties/>
  <testcase name="consultarCurso" classname="webTests.seleniumIDE" time="8.643"/>
  <testcase name="consultarCurso2" classname="webTests.seleniumIDE" time="9.549"/>
  <system-out><![CDATA[]]></system-out>
  <system-err><![CDATA[Starting ChromeDriver 91.0.4472.101 (af52a90bf87030dd1523486a1cd3ae25c5d76c9b-refs/branch-heads/4472@{#1462}) on port 17035
Only local connections are allowed.
Please see https://chromedriver.chromium.org/security-considerations for suggestions on keeping ChromeDriver safe.
ChromeDriver was started successfully.
jul 07, 2021 10:14:40 PM org.openqa.selenium.remote.ProtocolHandshake createSession
INFORMAÇÕES: Detected dialect: W3C
Starting ChromeDriver 91.0.4472.101 (af52a90bf87030dd1523486a1cd3ae25c5d76c9b-refs/branch-heads/4472@{#1462}) on port 17328
Only local connections are allowed.
Please see https://chromedriver.chromium.org/security-considerations for suggestions on keeping ChromeDriver safe.
ChromeDriver was started successfully.
jul 07, 2021 10:16:20 PM org.openqa.selenium.remote.ProtocolHandshake createSession
INFORMAÇÕES: Detected dialect: W3C
]]></system-err>
</testsuite>
